Running as regular user pi
 16777215

      277      768      282      770      285     1825
      312      741      284      770      284      770
      283     1824      311     1798      285      769
      312      742      283    11322

      285      767      287      766      313     1795
      287      766      312      743      284      767
      286     1827      281     1825      310      742
      286      769      286    11318

      282      770      286      769      284     1824
      284      769      282      770      285      770
      283     1824      285     1825      290      763
      284      769      284    11321

      284      769      286      766      286     1824
      311      742      286      768      311      742
      311     1800      310     1796      314      741
      310      743      312    11292

      284      769      285      769      286     1823
      285      768      310      742      311      742
      285     1823      287     1821      287      766
      285      771      308    11295

      285      768      312      742      285     1824
      311      742      283      771      287      767
      312     1798      284     1825      286      768
      308      745      282    11323

      312      740      288      765      317     1791
      313      740      288      766      287      767
      313     1794      287     1822      287      767
      285      767      314    11290

      285      768      287      767      310     1798
      286      767      287      767      286      772
      308     1798      311     1796      287      767
      287      766      311    11294

      284      768      283      771      285     1822
      286      768      285      770      309      743
      284     1826      283     1826      288      764
      284      770      284    11320

      281      772      283      771      287     1821
      284      770      283      769      286      769
      309     1798      285     1825      282      771
      309      744      284    11319

      287      768      286      766      285     1824
      311      742      312      743      311      740
      285     1824      312     1796      286      768
      286      767      286    11317

      285      771      283      769      309     1799
      285      768      285      768      285      769
      287     1820      284     1826      284      767
      288      768      285    11319

      289      763      311      742      287     1822
      311      741      287      767      287      766
      288     1820      311     1799      311      742
      286      766      287    11318

      284      768      284      770      285     1823
      287      769      309      744      284      769
      285     1823      284     1825      284      769
      284      769      284    11324

      279      771      283      771      283     1826
      283      768      285      769      284      770
      284     1824      286     1822      285      770
      285      768      284    11320

      283      770      282      771      283     1825
      288      766      282      771      282      770
      284     1825      282     1827      282      769
      283      771      284    11321

      286      767      309      744      285     1823
      312      741      286      768      314      740
      311     1799      283     1825      308      745
      286      769      285    11322

      282      768      285      770      285     1824
      283      769      284      770      283      769
      283     1826      285     1823      309      745
      284      770      289    11317

      283      767      287      768      309     1799
      313      741      313      740      284      769
      312     1797      285     1824      309      744
      288      766      287    11321

      305      743      286      768      285     1826
      281      770      286      768      285      768
      283     1826      285     1823      286      767
      285      768      286    11321

      281      769      286      769      283     1824
      286      769      284      769      284      770
      285     1824      281     1826      284      769
      284      770      284    11320

      287      768      309      742      286     1828
      281      768      285      769      310      743
      285     1823      286     1823      287      770
      282      768      310    11294

      284      769      282      773      283     1824
      310      743      285      769      309      747
      283     1824      284     1824      285      768
      283      770      285    11319

      285      768      286      768      284     1825
      285      768      284      768      284      771
      310     1799      284     1823      287      767
      311      741      283    11324

      283      768      284      769      285     1822
      285      769      284      771      285      768
      284     1825      284     1823      285      767
      286      768      285    11318

      287      768      315      738      287     1822
      310      743      284      769      286      766
      289     1821      313     1795      310      742
      284      771      287    11320

      283      767      285      768      284     1825
      285      768      286      771      282      768
      285     1824      309     1798      286      769
      285      769      283    11319

      285      773      279      771      283     1825
      284      769      311      742      284      769
      284     1824      285     1828      306      744
      282      771      286    11321

      309      743      295      757      286     1824
      286      767      289      764      285      770
      285     1823      284     1824      310      743
      308      744      284    11320

      284      769      284      770      284     1823
      287      768      284      768      284      771
      284     1824      283     1829      280      769
      285      769      285    11322

      283      767      286      767      285     1824
      286      769      283      770      311      742
      285     1825      284     1823      285      769
      313      741      286    11321

      282      766      285      769      312     1797
      285      770      284      770      284      768
      284     1826      283     1825      309      743
      284      769      286   135333-pulse