Running as regular user pi
 16777215

      305      742      309      745      284     1823
      311     1799      309     1799      286     1823
      284      773      283     1823      309      745
      284      768      311     9200      293      742
      286      768      310     1798      284     1828
      280     1826      306     1803      281      771
      309     1799      284      770      283      768
      285     9211      282      772      283      770
      283     1825      283     1825      283     1824
      284     1824      285      773      280     1825
      283      770      285      770      284     9212
      280      770      282      772      283     1824
      284     1825      283     1827      283     1824
      284      770      282     1827      281      771
      284      770      282     9212      282      773
      282      770      282     1827      308     1800
      285     1824      283     1826      284      770
      283     1825      283      770      285      769
      283   144226-pulse