Running as regular user pi
  6768315

  6738957-space

      305      742      312      740      312     1798
      311     1797      287     1822      309      744
      289      764      311     1799      311      741
      287      766      312    10238

      312      742      285      769      310     1799
      286     1821      285     1824      286      767
      284      769      314     1795      285      767
      287      769      309    10240

      283      769      310      743      284     1825
      286     1823      284     1824      284      769
      311      742      287     1821      312      743
      284      769      285    10266

      312      740      287      767      312     1799
      308     1797      312     1797      287      765
      287      767      286     1822      313      740
      287      766      315    10234

      286      768      295      757      311     1797
      310     1799      286     1826      282      768
      286      768      312     1796      286      768
      286      766      287    10263

      284      770      284      769      284     1824
      285     1824      311     1797      286      767
      285      769      285     1823      288      766
      286      768      285    10264

      288      766      312      741      312     1796
      312     1795      289     1821      314      739
      288      767      313     1795      314      740
      314      740      286    10263

      311      742      285      768      286     1822
      310     1799      288     1820      287      768
      311      742      284     1827      310      741
      286      768      286    10262

      311      743      285      768      286     1821
      313     1797      285     1824      284      768
      285      769      302     1807      283      770
      286      770      285    10262

      285      769      285      771      283     1824
      283     1824      311     1798      285      769
      284      769      283     1826      283      769
      285      769      285    10265

      286      765      285      770      285     1822
      285     1828      281     1823      286      769
      286      769      292     1816      284      771
      285      767      284    10266

      282      771      284      770      284     1825
      282     1825      285     1825      283      770
      285      770      286     1822      284      770
      284      768      284    10267

      309      743      284      768      285     1825
      284     1825      285     1823      285      770
      283      768      285     1824      286      767
      286      769      285    10265

      283      769      309      745      283     1826
      284     1824      286     1740      366      770
      285      769      284     1824      286      768
      309      744      284    10269

      280      770      283      770      285     1824
      311     1796      309     1801      284      770
      284      769      284     1826      283      769
      282      770      287    10268

      283      768      283      770      286     1823
      314     1796      285     1823      286      766
      286      768      287     1822      286      768
      310      743      285    10264

      284      769      285      768      285     1829
      305     1799      284     1823      286      768
      286      767      311     1799      289      763
      283      770      284    10266

      311      740      289      766      287     1821
      311     1798      286     1823      312      744
      282      768      310     1798      286      768
      286      767      288    10262

      284      768      286      767      286     1825
      285     1822      287     1822      286      767
      285      769      286     1823      285      773
      281      768      286    10266

      309      741      285      769      283     1825
      285     1824      310     1799      311      742
      283      769      283     1826      285      769
      287      768      283    10265

      286      766      288      767      287     1822
      312     1796      286     1823      286      767
      311      744      309     1796      289      767
      287      765      285    10269

      281      768      284      769      310     1798
      311     1799      286     1825      282      771
      309      744      285     1824      284      769
      284      769      313    10237

      287      767      311      742      290     1817
      314     1796      286     1822      288      764
      288      767      312     1796      311      743
      311      741      292    10259

      310      743      285      768      284     1824
      286     1823      286     1826      307      743
      310      742      285     1824      286      768
      286      767      285    10265

      282      772      284      771      282     1825
      283     1826      285     1822      310      742
      285      770      287     1824      282      769
      286      768      284    10264

      286      768      283      769      285     1826
      284     1824      309     1797      284      769
      285      769      311     1798      284      769
      284      768      285    10269

      285      768      277      774      281     1826
      284     1824      282     1827      285      768
      282      772      284     1825      283      770
      314      741      282    10265

      284      769      284      769      282     1829
      282     1827      281     1824      285      769
      284      771      281     1827      283      768
      284      771      283    10267

      283      769      285      771      284     1822
      287     1823      283     1826      309      744
      283      770      286     1824      284      768
      285      769      284    10265

      283      769      284      771      282     1828
      284     1827      280     1825      285      769
      310      745      282     1827      285      768
      285      770      308    10241

      285      767      283      770      287     1823
      283     1827      309     1798      310      745
      287      765      286     1824      283      769
      283      769      284    10266

      283      770      308      745      284     1826
      284     1824      283     1825      284      769
      284      770      285     1823      309      745
      282      772      281    10268

      284      768      285      768      287     1823
      286     1823      286     1823      310      744
      311      742      287     1821      286      767
      286      767      311    10240

      282      768      286      769      285     1825
      283     1825      285     1823      287      767
      286      769      311     1796      288      767
      312      743      283    10269

      281      770      285      768      284     1826
      308     1801      283     1825      285      768
      287      766      284     1825      286      768
      283      771      285   143368-pulse